<?xml version="1.0" encoding="UTF-8"?>
<testng-results ignored="0" total="2" passed="1" failed="1" skipped="0">
  <reporter-output>
  </reporter-output>
  <suite started-at="2022-09-29T17:28:58 IST" name="Default suite" finished-at="2022-09-29T17:29:06 IST" duration-ms="8017">
    <groups>
    </groups>
    <test started-at="2022-09-29T17:28:58 IST" name=" First test" finished-at="2022-09-29T17:29:06 IST" duration-ms="8017">
      <class name="com.demo.project.HomePageTest">
        <test-method is-config="true" signature="setUp()[pri:0, instance:com.demo.project.HomePageTest@bae7dc0]" started-at="2022-09-29T17:28:58 IST" name="setUp" finished-at="2022-09-29T17:29:00 IST" duration-ms="1896" status="PASS">
          <reporter-output>
          </reporter-output>
        </test-method> <!-- setUp -->
        <test-method signature="verifyHomePageLogo()[pri:0, instance:com.demo.project.HomePageTest@bae7dc0]" started-at="2022-09-29T17:29:00 IST" name="verifyHomePageLogo" finished-at="2022-09-29T17:29:04 IST" duration-ms="4379" status="PASS">
          <reporter-output>
          </reporter-output>
        </test-method> <!-- verifyHomePageLogo -->
        <test-method signature="verifyHomepageHeaderText()[pri:0, instance:com.demo.project.HomePageTest@bae7dc0]" started-at="2022-09-29T17:29:00 IST" name="verifyHomepageHeaderText" finished-at="2022-09-29T17:29:04 IST" duration-ms="4389" status="FAIL">
          <exception class="java.lang.AssertionError">
            <message>
              <![CDATA[Wrong header text displayed in Home page expected [Browser Testing Made Easy] but found [App & Browser Testing Made Easy]]]>
            </message>
            <full-stacktrace>
              <![CDATA[java.lang.AssertionError: Wrong header text displayed in Home page expected [Browser Testing Made Easy] but found [App & Browser Testing Made Easy]
at org.testng.Assert.fail(Assert.java:99)
at org.testng.Assert.failNotEquals(Assert.java:1037)
at org.testng.Assert.assertEqualsImpl(Assert.java:140)
at org.testng.Assert.assertEquals(Assert.java:122)
at org.testng.Assert.assertEquals(Assert.java:629)
at com.demo.project.HomePageTest.verifyHomepageHeaderText(HomePageTest.java:67)
at java.base/jdk.internal.reflect.NativeMethodAccessorImpl.invoke0(Native Method)
at java.base/jdk.internal.reflect.NativeMethodAccessorImpl.invoke(NativeMethodAccessorImpl.java:77)
at java.base/jdk.internal.reflect.DelegatingMethodAccessorImpl.invoke(DelegatingMethodAccessorImpl.java:43)
at java.base/java.lang.reflect.Method.invoke(Method.java:568)
at org.testng.internal.MethodInvocationHelper.invokeMethod(MethodInvocationHelper.java:133)
at org.testng.internal.TestInvoker.invokeMethod(TestInvoker.java:598)
at org.testng.internal.TestInvoker.invokeTestMethod(TestInvoker.java:173)
at org.testng.internal.MethodRunner.runInSequence(MethodRunner.java:46)
at org.testng.internal.TestInvoker$MethodInvocationAgent.invoke(TestInvoker.java:824)
at org.testng.internal.TestInvoker.invokeTestMethods(TestInvoker.java:146)
at org.testng.internal.TestMethodWorker.invokeTestMethods(TestMethodWorker.java:146)
at org.testng.internal.TestMethodWorker.run(TestMethodWorker.java:128)
at java.base/java.util.concurrent.ThreadPoolExecutor.runWorker(ThreadPoolExecutor.java:1136)
at java.base/java.util.concurrent.ThreadPoolExecutor$Worker.run(ThreadPoolExecutor.java:635)
at java.base/java.lang.Thread.run(Thread.java:833)
]]>
            </full-stacktrace>
          </exception> <!-- java.lang.AssertionError -->
          <reporter-output>
          </reporter-output>
        </test-method> <!-- verifyHomepageHeaderText -->
        <test-method is-config="true" signature="tearDown()[pri:0, instance:com.demo.project.HomePageTest@bae7dc0]" started-at="2022-09-29T17:29:06 IST" name="tearDown" finished-at="2022-09-29T17:29:06 IST" duration-ms="128" status="PASS">
          <reporter-output>
          </reporter-output>
        </test-method> <!-- tearDown -->
      </class> <!-- com.demo.project.HomePageTest -->
    </test> <!--  First test -->
  </suite> <!-- Default suite -->
</testng-results>
